<?xml version="1.0" encoding="UTF-8"?>
<!-- Generated by org.testng.reporters.JUnitReportReporter -->
<testsuite hostname="DESKTOP-UB8F91P" failures="0" tests="5" name="api.test.UserTest" time="37.877" errors="0" timestamp="21 May 2023 13:32:44 GMT" skipped="0">
  <testcase classname="api.test.UserTest" name="testEndToEndWorkflow" time="12.152"/>
  <testcase classname="api.test.UserTest" name="testCreateUserByName" time="15.504"/>
  <testcase classname="api.test.UserTest" name="testUpdateUserByName" time="3.802"/>
  <testcase classname="api.test.UserTest" name="testGetUserDetails" time="3.857"/>
  <testcase classname="api.test.UserTest" name="testDeleteUserByUserName" time="2.562"/>
</testsuite> <!-- api.test.UserTest -->
