<?xml version="1.0" encoding="UTF-8"?>
<!-- Generated by org.testng.reporters.JUnitReportReporter -->
<testsuite hostname="DESKTOP-UB8F91P" failures="0" tests="6" name="api.test.DataDrivenTests" time="24.369" errors="0" timestamp="21 May 2023 13:32:44 GMT" skipped="0">
  <testcase classname="api.test.DataDrivenTests" name="testPostUser" time="1.848"/>
  <testcase classname="api.test.DataDrivenTests" name="testPostUser" time="6.470"/>
  <testcase classname="api.test.DataDrivenTests" name="testPostUser" time="4.143"/>
  <testcase classname="api.test.DataDrivenTests" name="testDeleteUserByName" time="5.025"/>
  <testcase classname="api.test.DataDrivenTests" name="testDeleteUserByName" time="5.109"/>
  <testcase classname="api.test.DataDrivenTests" name="testDeleteUserByName" time="1.774"/>
</testsuite> <!-- api.test.DataDrivenTests -->
